<?xml version="1.0" encoding="UTF-8"?>
<!-- Generated by org.testng.reporters.JUnitReportReporter -->
<testsuite hostname="Monali" failures="0" tests="1" name="com.TestVargant.Test.TestForeignPlayerTest" time="0.061" errors="0" timestamp="2022-08-02T11:24:58 IST" skipped="0">
  <testcase classname="com.TestVargant.Test.TestForeignPlayerTest" name="ForeignPlayer" time="0.061"/>
  <system-out/>
</testsuite> <!-- com.TestVargant.Test.TestForeignPlayerTest -->
