<?xml version="1.0" encoding="UTF-8"?>
<!-- Generated by org.testng.reporters.JUnitReportReporter -->
<testsuite hostname="Monali" failures="0" tests="1" name="com.TestVargant.Test.TestWicketKeeperPlayer" time="0.007" errors="0" timestamp="2022-08-02T11:24:58 IST" skipped="0">
  <testcase classname="com.TestVargant.Test.TestWicketKeeperPlayer" name="WicketKeeper" time="0.007"/>
  <system-out/>
</testsuite> <!-- com.TestVargant.Test.TestWicketKeeperPlayer -->
